{"level":"info","message":"Bridgeware backend running on port 4000","timestamp":"2026-05-03T20:47:22.684Z"}
{"level":"info","message":{"ip":"::1","method":"GET","url":"/health"},"timestamp":"2026-05-03T20:47:42.180Z"}
{"level":"info","message":{"ip":"::1","method":"GET","url":"/favicon.ico"},"timestamp":"2026-05-03T20:47:42.372Z"}
{"level":"info","message":{"ip":"::1","method":"GET","url":"/api/tickets"},"timestamp":"2026-05-03T20:47:49.672Z"}
{"level":"info","message":{"ip":"::1","method":"GET","url":"/api/companies"},"timestamp":"2026-05-03T20:47:56.694Z"}
{"level":"info","message":{"ip":"::1","method":"GET","url":"/health"},"timestamp":"2026-05-03T20:48:03.005Z"}
{"level":"info","message":{"ip":"::1","method":"GET","url":"/api/tickets"},"timestamp":"2026-05-03T20:48:15.389Z"}
{"level":"info","message":{"ip":"::1","method":"GET","url":"/api/companies"},"timestamp":"2026-05-03T20:48:22.619Z"}
{"level":"info","message":"Bridgeware backend running on port 4000","timestamp":"2026-05-03T20:50:08.966Z"}
{"level":"info","message":"Bridgeware backend running on port 4000","timestamp":"2026-05-03T20:55:23.982Z"}
{"level":"info","message":{"ip":"::1","method":"GET","url":"/health"},"timestamp":"2026-05-03T20:55:29.250Z"}
{"level":"info","message":"Bridgeware backend running on port 4000","timestamp":"2026-05-03T20:59:11.846Z"}
{"level":"info","message":{"ip":"::1","method":"GET","url":"/health"},"timestamp":"2026-05-03T20:59:15.670Z"}
{"level":"info","message":"Bridgeware backend running on port 4000","timestamp":"2026-05-03T21:01:13.427Z"}
{"level":"info","message":"Bridgeware backend running on port 4000","timestamp":"2026-05-04T23:14:37.704Z"}
{"level":"info","message":{"ip":"::1","method":"GET","url":"/api/contacts"},"timestamp":"2026-05-04T23:14:43.496Z"}
{"level":"info","message":{"ip":"::1","method":"GET","url":"/favicon.ico"},"timestamp":"2026-05-04T23:14:44.703Z"}
{"level":"info","message":"Bridgeware backend running on port 4000","timestamp":"2026-05-04T23:20:36.966Z"}
{"level":"info","message":{"ip":"::1","method":"GET","url":"/api/opportunities"},"timestamp":"2026-05-04T23:20:40.452Z"}
{"level":"info","message":"Bridgeware backend running on port 4000","timestamp":"2026-05-04T23:21:53.244Z"}
{"level":"info","message":{"ip":"::1","method":"GET","url":"/api/quotes"},"timestamp":"2026-05-04T23:21:56.054Z"}
{"level":"info","message":"Bridgeware backend running on port 4000","timestamp":"2026-05-04T23:51:37.391Z"}
{"level":"info","message":{"ip":"::1","method":"GET","url":"/api/tickets"},"timestamp":"2026-05-04T23:51:58.769Z"}
{"level":"info","message":{"ip":"::1","method":"GET","url":"/api/tickets"},"timestamp":"2026-05-04T23:52:05.456Z"}
{"level":"info","message":{"ip":"::1","method":"GET","url":"/api/tickets"},"timestamp":"2026-05-04T23:52:07.477Z"}
{"level":"info","message":{"ip":"::1","method":"GET","url":"/api/tickets"},"timestamp":"2026-05-04T23:52:13.552Z"}
{"level":"info","message":{"ip":"::1","method":"GET","url":"/api/tickets"},"timestamp":"2026-05-04T23:52:14.416Z"}
{"level":"info","message":{"ip":"::1","method":"GET","url":"/api/tickets"},"timestamp":"2026-05-04T23:52:15.052Z"}
{"level":"info","message":{"ip":"::1","method":"GET","url":"/api/tickets"},"timestamp":"2026-05-04T23:52:20.933Z"}
{"level":"info","message":{"ip":"::1","method":"GET","url":"/api/tickets"},"timestamp":"2026-05-04T23:52:24.435Z"}
{"level":"info","message":{"ip":"::1","method":"GET","url":"/api/tickets"},"timestamp":"2026-05-04T23:52:28.022Z"}
{"level":"info","message":{"ip":"::1","method":"GET","url":"/api/tickets"},"timestamp":"2026-05-04T23:52:32.516Z"}
{"level":"info","message":{"ip":"::1","method":"GET","url":"/api/tickets"},"timestamp":"2026-05-04T23:52:41.713Z"}
{"level":"info","message":{"ip":"::1","method":"GET","url":"/api/tickets"},"timestamp":"2026-05-04T23:52:45.929Z"}
{"level":"info","message":"Bridgeware backend running on port 4000","timestamp":"2026-05-04T23:54:01.942Z"}
{"level":"info","message":{"ip":"::1","method":"GET","url":"/api/companies"},"timestamp":"2026-05-04T23:54:16.142Z"}
{"level":"info","message":{"ip":"::1","method":"GET","url":"/api/companies"},"timestamp":"2026-05-04T23:54:19.497Z"}
{"level":"info","message":{"ip":"::1","method":"GET","url":"/api/tickets"},"timestamp":"2026-05-04T23:54:20.870Z"}
{"level":"info","message":{"ip":"::1","method":"GET","url":"/api/companies"},"timestamp":"2026-05-04T23:54:24.147Z"}
{"level":"info","message":{"ip":"::1","method":"GET","url":"/api/companies"},"timestamp":"2026-05-04T23:54:24.985Z"}
